<?xml version="1.0" encoding="UTF-8"?>
<testng-results ignored="0" total="11" passed="11" failed="0" skipped="0">
  <reporter-output>
  </reporter-output>
  <suite started-at="2022-12-20T21:34:58 CST" name="ninjatutorialsSuite" finished-at="2022-12-20T21:36:50 CST" duration-ms="111678">
    <groups>
    </groups>
    <test started-at="2022-12-20T21:34:58 CST" name="NinjaTest" finished-at="2022-12-20T21:36:50 CST" duration-ms="111678">
      <class name="com.qa.ninjatutorials.testcases.SearchTest">
        <test-method is-config="true" signature="startup()[pri:0, instance:com.qa.ninjatutorials.testcases.SearchTest@449a4f23]" started-at="2022-12-20T21:34:58 CST" name="startup" finished-at="2022-12-20T21:35:11 CST" duration-ms="13331" status="PASS">
          <reporter-output>
          </reporter-output>
        </test-method> <!-- startup -->
        <test-method signature="verifySearchWithValidProduct()[pri:1, instance:com.qa.ninjatutorials.testcases.SearchTest@449a4f23]" started-at="2022-12-20T21:35:11 CST" name="verifySearchWithValidProduct" finished-at="2022-12-20T21:35:12 CST" duration-ms="783" status="PASS">
          <reporter-output>
          </reporter-output>
        </test-method> <!-- verifySearchWithValidProduct -->
        <test-method is-config="true" signature="tearDown()[pri:0, instance:com.qa.ninjatutorials.testcases.SearchTest@449a4f23]" started-at="2022-12-20T21:35:12 CST" name="tearDown" finished-at="2022-12-20T21:35:12 CST" duration-ms="169" status="PASS">
          <reporter-output>
          </reporter-output>
        </test-method> <!-- tearDown -->
        <test-method is-config="true" signature="startup()[pri:0, instance:com.qa.ninjatutorials.testcases.SearchTest@449a4f23]" started-at="2022-12-20T21:35:12 CST" name="startup" finished-at="2022-12-20T21:35:19 CST" duration-ms="6445" status="PASS">
          <reporter-output>
          </reporter-output>
        </test-method> <!-- startup -->
        <test-method signature="verifySearchWithInvalidProduct()[pri:2, instance:com.qa.ninjatutorials.testcases.SearchTest@449a4f23]" started-at="2022-12-20T21:35:19 CST" name="verifySearchWithInvalidProduct" finished-at="2022-12-20T21:35:19 CST" duration-ms="513" status="PASS">
          <reporter-output>
          </reporter-output>
        </test-method> <!-- verifySearchWithInvalidProduct -->
        <test-method is-config="true" signature="tearDown()[pri:0, instance:com.qa.ninjatutorials.testcases.SearchTest@449a4f23]" started-at="2022-12-20T21:35:19 CST" name="tearDown" finished-at="2022-12-20T21:35:19 CST" duration-ms="180" status="PASS">
          <reporter-output>
          </reporter-output>
        </test-method> <!-- tearDown -->
        <test-method is-config="true" signature="startup()[pri:0, instance:com.qa.ninjatutorials.testcases.SearchTest@449a4f23]" started-at="2022-12-20T21:35:19 CST" name="startup" finished-at="2022-12-20T21:35:25 CST" duration-ms="5642" status="PASS">
          <reporter-output>
          </reporter-output>
        </test-method> <!-- startup -->
        <test-method signature="verifySearchWithoutAnyProduct()[pri:3, instance:com.qa.ninjatutorials.testcases.SearchTest@449a4f23]" started-at="2022-12-20T21:35:25 CST" name="verifySearchWithoutAnyProduct" finished-at="2022-12-20T21:35:26 CST" duration-ms="512" status="PASS">
          <reporter-output>
          </reporter-output>
        </test-method> <!-- verifySearchWithoutAnyProduct -->
        <test-method is-config="true" signature="tearDown()[pri:0, instance:com.qa.ninjatutorials.testcases.SearchTest@449a4f23]" started-at="2022-12-20T21:35:26 CST" name="tearDown" finished-at="2022-12-20T21:35:26 CST" duration-ms="182" status="PASS">
          <reporter-output>
          </reporter-output>
        </test-method> <!-- tearDown -->
      </class> <!-- com.qa.ninjatutorials.testcases.SearchTest -->
      <class name="com.qa.ninjatutorials.testcases.LoginTest">
        <test-method is-config="true" signature="setup()[pri:0, instance:com.qa.ninjatutorials.testcases.LoginTest@8458f04]" started-at="2022-12-20T21:35:59 CST" name="setup" finished-at="2022-12-20T21:36:06 CST" duration-ms="7212" status="PASS">
          <reporter-output>
          </reporter-output>
        </test-method> <!-- setup -->
        <test-method signature="verifyLoginWithValidCredentials()[pri:1, instance:com.qa.ninjatutorials.testcases.LoginTest@8458f04]" started-at="2022-12-20T21:36:06 CST" name="verifyLoginWithValidCredentials" finished-at="2022-12-20T21:36:07 CST" duration-ms="878" status="PASS">
          <reporter-output>
          </reporter-output>
        </test-method> <!-- verifyLoginWithValidCredentials -->
        <test-method is-config="true" signature="tearDown()[pri:0, instance:com.qa.ninjatutorials.testcases.LoginTest@8458f04]" started-at="2022-12-20T21:36:07 CST" name="tearDown" finished-at="2022-12-20T21:36:07 CST" duration-ms="178" status="PASS">
          <reporter-output>
          </reporter-output>
        </test-method> <!-- tearDown -->
        <test-method is-config="true" signature="setup()[pri:0, instance:com.qa.ninjatutorials.testcases.LoginTest@8458f04]" started-at="2022-12-20T21:36:07 CST" name="setup" finished-at="2022-12-20T21:36:20 CST" duration-ms="12859" status="PASS">
          <reporter-output>
          </reporter-output>
        </test-method> <!-- setup -->
        <test-method signature="verifyLoginWithInValidCredentials()[pri:2, instance:com.qa.ninjatutorials.testcases.LoginTest@8458f04]" started-at="2022-12-20T21:36:20 CST" name="verifyLoginWithInValidCredentials" finished-at="2022-12-20T21:36:21 CST" duration-ms="606" status="PASS">
          <reporter-output>
          </reporter-output>
        </test-method> <!-- verifyLoginWithInValidCredentials -->
        <test-method is-config="true" signature="tearDown()[pri:0, instance:com.qa.ninjatutorials.testcases.LoginTest@8458f04]" started-at="2022-12-20T21:36:21 CST" name="tearDown" finished-at="2022-12-20T21:36:21 CST" duration-ms="182" status="PASS">
          <reporter-output>
          </reporter-output>
        </test-method> <!-- tearDown -->
        <test-method is-config="true" signature="setup()[pri:0, instance:com.qa.ninjatutorials.testcases.LoginTest@8458f04]" started-at="2022-12-20T21:36:21 CST" name="setup" finished-at="2022-12-20T21:36:26 CST" duration-ms="5073" status="PASS">
          <reporter-output>
          </reporter-output>
        </test-method> <!-- setup -->
        <test-method signature="verifyLoginWithInvalidEmailidValidPassword()[pri:3, instance:com.qa.ninjatutorials.testcases.LoginTest@8458f04]" started-at="2022-12-20T21:36:26 CST" name="verifyLoginWithInvalidEmailidValidPassword" finished-at="2022-12-20T21:36:27 CST" duration-ms="627" status="PASS">
          <reporter-output>
          </reporter-output>
        </test-method> <!-- verifyLoginWithInvalidEmailidValidPassword -->
        <test-method is-config="true" signature="tearDown()[pri:0, instance:com.qa.ninjatutorials.testcases.LoginTest@8458f04]" started-at="2022-12-20T21:36:27 CST" name="tearDown" finished-at="2022-12-20T21:36:27 CST" duration-ms="165" status="PASS">
          <reporter-output>
          </reporter-output>
        </test-method> <!-- tearDown -->
        <test-method is-config="true" signature="setup()[pri:0, instance:com.qa.ninjatutorials.testcases.LoginTest@8458f04]" started-at="2022-12-20T21:36:27 CST" name="setup" finished-at="2022-12-20T21:36:34 CST" duration-ms="7151" status="PASS">
          <reporter-output>
          </reporter-output>
        </test-method> <!-- setup -->
        <test-method signature="verifyLoginWithValidEmailidInValidPassword()[pri:4, instance:com.qa.ninjatutorials.testcases.LoginTest@8458f04]" started-at="2022-12-20T21:36:34 CST" name="verifyLoginWithValidEmailidInValidPassword" finished-at="2022-12-20T21:36:35 CST" duration-ms="858" status="PASS">
          <reporter-output>
          </reporter-output>
        </test-method> <!-- verifyLoginWithValidEmailidInValidPassword -->
        <test-method is-config="true" signature="tearDown()[pri:0, instance:com.qa.ninjatutorials.testcases.LoginTest@8458f04]" started-at="2022-12-20T21:36:35 CST" name="tearDown" finished-at="2022-12-20T21:36:35 CST" duration-ms="178" status="PASS">
          <reporter-output>
          </reporter-output>
        </test-method> <!-- tearDown -->
        <test-method is-config="true" signature="setup()[pri:0, instance:com.qa.ninjatutorials.testcases.LoginTest@8458f04]" started-at="2022-12-20T21:36:35 CST" name="setup" finished-at="2022-12-20T21:36:49 CST" duration-ms="13883" status="PASS">
          <reporter-output>
          </reporter-output>
        </test-method> <!-- setup -->
        <test-method signature="verifyLoginWithNoCredentials()[pri:5, instance:com.qa.ninjatutorials.testcases.LoginTest@8458f04]" started-at="2022-12-20T21:36:49 CST" name="verifyLoginWithNoCredentials" finished-at="2022-12-20T21:36:49 CST" duration-ms="571" status="PASS">
          <reporter-output>
          </reporter-output>
        </test-method> <!-- verifyLoginWithNoCredentials -->
        <test-method is-config="true" signature="tearDown()[pri:0, instance:com.qa.ninjatutorials.testcases.LoginTest@8458f04]" started-at="2022-12-20T21:36:49 CST" name="tearDown" finished-at="2022-12-20T21:36:50 CST" duration-ms="221" status="PASS">
          <reporter-output>
          </reporter-output>
        </test-method> <!-- tearDown -->
      </class> <!-- com.qa.ninjatutorials.testcases.LoginTest -->
      <class name="com.qa.ninjatutorials.testcases.RegisterTest">
        <test-method is-config="true" signature="setup()[pri:0, instance:com.qa.ninjatutorials.testcases.RegisterTest@909217e]" started-at="2022-12-20T21:35:26 CST" name="setup" finished-at="2022-12-20T21:35:38 CST" duration-ms="11917" status="PASS">
          <reporter-output>
          </reporter-output>
        </test-method> <!-- setup -->
        <test-method signature="verifyRegistrationWithMandatoryFields()[pri:1, instance:com.qa.ninjatutorials.testcases.RegisterTest@909217e]" started-at="2022-12-20T21:35:38 CST" name="verifyRegistrationWithMandatoryFields" finished-at="2022-12-20T21:35:39 CST" duration-ms="1200" status="PASS">
          <reporter-output>
          </reporter-output>
        </test-method> <!-- verifyRegistrationWithMandatoryFields -->
        <test-method is-config="true" signature="tearDown()[pri:0, instance:com.qa.ninjatutorials.testcases.RegisterTest@909217e]" started-at="2022-12-20T21:35:39 CST" name="tearDown" finished-at="2022-12-20T21:35:39 CST" duration-ms="243" status="PASS">
          <reporter-output>
          </reporter-output>
        </test-method> <!-- tearDown -->
        <test-method is-config="true" signature="setup()[pri:0, instance:com.qa.ninjatutorials.testcases.RegisterTest@909217e]" started-at="2022-12-20T21:35:39 CST" name="setup" finished-at="2022-12-20T21:35:45 CST" duration-ms="5602" status="PASS">
          <reporter-output>
          </reporter-output>
        </test-method> <!-- setup -->
        <test-method signature="verifyRegistrationWithAllFields()[pri:2, instance:com.qa.ninjatutorials.testcases.RegisterTest@909217e]" started-at="2022-12-20T21:35:45 CST" name="verifyRegistrationWithAllFields" finished-at="2022-12-20T21:35:46 CST" duration-ms="1274" status="PASS">
          <reporter-output>
          </reporter-output>
        </test-method> <!-- verifyRegistrationWithAllFields -->
        <test-method is-config="true" signature="tearDown()[pri:0, instance:com.qa.ninjatutorials.testcases.RegisterTest@909217e]" started-at="2022-12-20T21:35:46 CST" name="tearDown" finished-at="2022-12-20T21:35:46 CST" duration-ms="173" status="PASS">
          <reporter-output>
          </reporter-output>
        </test-method> <!-- tearDown -->
        <test-method is-config="true" signature="setup()[pri:0, instance:com.qa.ninjatutorials.testcases.RegisterTest@909217e]" started-at="2022-12-20T21:35:46 CST" name="setup" finished-at="2022-12-20T21:35:58 CST" duration-ms="12050" status="PASS">
          <reporter-output>
          </reporter-output>
        </test-method> <!-- setup -->
        <test-method signature="verifyRegistrationWithoutFillingAnyDetails()[pri:3, instance:com.qa.ninjatutorials.testcases.RegisterTest@909217e]" started-at="2022-12-20T21:35:58 CST" name="verifyRegistrationWithoutFillingAnyDetails" finished-at="2022-12-20T21:35:59 CST" duration-ms="586" status="PASS">
          <reporter-output>
          </reporter-output>
        </test-method> <!-- verifyRegistrationWithoutFillingAnyDetails -->
        <test-method is-config="true" signature="tearDown()[pri:0, instance:com.qa.ninjatutorials.testcases.RegisterTest@909217e]" started-at="2022-12-20T21:35:59 CST" name="tearDown" finished-at="2022-12-20T21:35:59 CST" duration-ms="185" status="PASS">
          <reporter-output>
          </reporter-output>
        </test-method> <!-- tearDown -->
      </class> <!-- com.qa.ninjatutorials.testcases.RegisterTest -->
    </test> <!-- NinjaTest -->
  </suite> <!-- ninjatutorialsSuite -->
</testng-results>
