<?xml version="1.0" encoding="UTF-8"?>
<!-- Generated by org.testng.reporters.JUnitXMLReporter -->
<testsuite ignored="0" hostname="LAPTOP-DMCL3R6Q" failures="0" tests="3" name="Default test" time="23.747" errors="0" timestamp="2022-12-20T16:13:57 CST">
  <testcase classname="com.qa.ninjatutorials.testcases.SearchTest" name="verifySearchWithValidProduct" time="0.875"/>
  <testcase classname="com.qa.ninjatutorials.testcases.SearchTest" name="verifySearchWithInvalidProduct" time="0.514"/>
  <testcase classname="com.qa.ninjatutorials.testcases.SearchTest" name="verifySearchWithoutAnyProduct" time="0.51"/>
</testsuite> <!-- Default test -->
