<?xml version="1.0" encoding="UTF-8"?>
<!-- Generated by org.testng.reporters.JUnitXMLReporter -->
<testsuite ignored="0" hostname="LAPTOP-DMCL3R6Q" failures="0" tests="11" name="NinjaTest" time="111.678" errors="0" timestamp="2022-12-20T21:36:50 CST">
  <testcase classname="com.qa.ninjatutorials.testcases.SearchTest" name="verifySearchWithValidProduct" time="0.783"/>
  <testcase classname="com.qa.ninjatutorials.testcases.SearchTest" name="verifySearchWithInvalidProduct" time="0.513"/>
  <testcase classname="com.qa.ninjatutorials.testcases.SearchTest" name="verifySearchWithoutAnyProduct" time="0.512"/>
  <testcase classname="com.qa.ninjatutorials.testcases.RegisterTest" name="verifyRegistrationWithMandatoryFields" time="1.2"/>
  <testcase classname="com.qa.ninjatutorials.testcases.RegisterTest" name="verifyRegistrationWithAllFields" time="1.274"/>
  <testcase classname="com.qa.ninjatutorials.testcases.RegisterTest" name="verifyRegistrationWithoutFillingAnyDetails" time="0.586"/>
  <testcase classname="com.qa.ninjatutorials.testcases.LoginTest" name="verifyLoginWithValidCredentials" time="0.878"/>
  <testcase classname="com.qa.ninjatutorials.testcases.LoginTest" name="verifyLoginWithInValidCredentials" time="0.606"/>
  <testcase classname="com.qa.ninjatutorials.testcases.LoginTest" name="verifyLoginWithInvalidEmailidValidPassword" time="0.627"/>
  <testcase classname="com.qa.ninjatutorials.testcases.LoginTest" name="verifyLoginWithValidEmailidInValidPassword" time="0.858"/>
  <testcase classname="com.qa.ninjatutorials.testcases.LoginTest" name="verifyLoginWithNoCredentials" time="0.571"/>
</testsuite> <!-- NinjaTest -->
